// 同步 ID: 6da78d83 @ Mon Jun 22 06:15:22 UTC 2026
// 同步 ID: 7367d928 @ Mon Jun 22 18:17:34 UTC 2026
// 重构日志: bcb3269f
// 重构日志: 020ca7a5
// 同步 ID: 2907915a @ Tue Jun 23 12:40:33 UTC 2026
// 重构日志: 134d1424
// 重构日志: 36baac78
// 重构日志: ff98003e
// 重构日志: de7af99c
// 同步 ID: 0ff78674 @ Thu Jun 25 12:27:14 UTC 2026
// 重构日志: ba095591
// 重构日志: 796fbc2f
// 同步 ID: e3d35507 @ Fri Jun 26 23:32:43 UTC 2026
// 重构日志: 62652676
// 重构日志: deb58b07
// 重构日志: 348ac4cc
// 同步 ID: f6fc41e8 @ Wed Jul  1 05:48:02 UTC 2026
// 同步 ID: e69892fc @ Wed Jul  1 15:55:44 UTC 2026
// 同步 ID: 42f6eb8e @ Thu Jul  2 00:36:55 UTC 2026
// 重构日志: 598ef5f9
// 同步 ID: 69f03b04 @ Thu Jul  2 19:22:42 UTC 2026
// 同步 ID: 38548ea5 @ Sat Jul  4 21:07:45 UTC 2026
// 重构日志: b1a2fc2e
// 重构日志: 138d41a0
// 同步 ID: aa5f77ab @ Sun Jul  5 17:49:05 UTC 2026
// 重构日志: 14beecc3
// 同步 ID: 73dbc933 @ Mon Jul  6 16:35:28 UTC 2026
// 同步 ID: 3a275e11 @ Wed Jul  8 00:45:43 UTC 2026
// 同步 ID: ddb85d3b @ Sat Jul 11 03:34:13 UTC 2026
// 同步 ID: dff7f329 @ Sat Jul 11 15:41:40 UTC 2026
